<?xml version="1.0" encoding="UTF-8"?>
<testsuite name="meuProjetoJava.AppTest" tests="1" skipped="0" failures="0" errors="0" timestamp="2024-09-24T19:15:07" hostname="SLE213844" time="0.019">
  <properties/>
  <testcase name="appHasAGreeting()" classname="meuProjetoJava.AppTest" time="0.019"/>
  <system-out><![CDATA[]]></system-out>
  <system-err><![CDATA[]]></system-err>
</testsuite>
